<?xml version="1.0" encoding="UTF-8"?>
<robot generator="Robot 7.4.2 (Python 3.9.13 on win32)" generated="2026-04-11T16:02:27.294644" rpa="false" schemaversion="5">
<suite id="s1" name="Tests" source="C:\Metropolia\front-end\hyte-projekti\tests">
<suite id="s1-s1" name="Browser Demo" source="C:\Metropolia\front-end\hyte-projekti\tests\browser_demo.robot">
<test id="s1-s1-t1" name="Test Web Form Full" line="12">
<kw name="New Browser" owner="Browser">
<msg time="2026-04-11T16:02:27.817208" level="INFO">{"browser": "chromium", "headless": false, "chromiumSandbox": false, "devtools": false, "handleSIGHUP": true, "handleSIGINT": true, "handleSIGTERM": true, "slowMo": 0.0, "timeout": 30000.0, "tracesDir": "C:\\Metropolia\\front-end\\hyte-projekti\\outputs\\browser\\traces\\temp\\d5a6b639-a426-4dd8-a8b5-2217ca16ed22"}</msg>
<msg time="2026-04-11T16:02:27.866684" level="INFO">Starting Browser process C:\Metropolia\front-end\hyte-projekti\.venv\lib\site-packages\Browser\wrapper\index.js using at 127.0.0.1:61469</msg>
<msg time="2026-04-11T16:02:29.280992" level="INFO">Successfully created browser with options: {"browser":"chromium","headless":false,"chromiumSandbox":false,"devtools":false,"handleSIGHUP":true,"handleSIGINT":true,"handleSIGTERM":true,"slowMo":0,"timeout":30000,"tracesDir":"C:\\Metropolia\\front-end\\hyte-projekti\\outputs\\browser\\traces\\temp\\d5a6b639-a426-4dd8-a8b5-2217ca16ed22"}</msg>
<arg>chromium</arg>
<arg>headless=False</arg>
<tag>BrowserControl</tag>
<tag>Setter</tag>
<doc>Create a new playwright Browser with specified options.</doc>
<status status="PASS" start="2026-04-11T16:02:27.815199" elapsed="1.465793"/>
</kw>
<kw name="New Page" owner="Browser">
<msg time="2026-04-11T16:02:30.196059" level="INFO">Successfully initialized new page object and opened url: https://www.selenium.dev/selenium/web/web-form.html</msg>
<msg time="2026-04-11T16:02:30.196059" level="INFO">No context was open. New context was automatically opened when this page is created.</msg>
<arg>${URL}</arg>
<tag>BrowserControl</tag>
<tag>Setter</tag>
<doc>Open a new Page.</doc>
<status status="PASS" start="2026-04-11T16:02:29.310671" elapsed="0.885388"/>
</kw>
<kw name="Get Title" owner="Browser">
<msg time="2026-04-11T16:02:30.217915" level="INFO">Title: 'Web form'</msg>
<arg>==</arg>
<arg>Web form</arg>
<tag>Assertion</tag>
<tag>Getter</tag>
<tag>PageContent</tag>
<doc>Returns the title of the current page.</doc>
<status status="PASS" start="2026-04-11T16:02:30.199824" elapsed="0.018091"/>
</kw>
<kw name="Type Text" owner="Browser">
<msg time="2026-04-11T16:02:30.219928" level="INFO">Types the text 'somebody@example.com' in the given field.</msg>
<arg>[name="my-text"]</arg>
<arg>${Username}</arg>
<tag>PageContent</tag>
<tag>Setter</tag>
<doc>Types the given ``txt`` into the text field found by ``selector``.</doc>
<status status="PASS" start="2026-04-11T16:02:30.217915" elapsed="0.153596"/>
</kw>
<kw name="Type Secret" owner="Browser">
<arg>[name="my-password"]</arg>
<arg>$Password</arg>
<tag>PageContent</tag>
<tag>Setter</tag>
<doc>Types the given secret from ``variable_name`` into the text field
found by ``selector``.</doc>
<status status="PASS" start="2026-04-11T16:02:30.371511" elapsed="0.060400"/>
</kw>
<kw name="Type Text" owner="Browser">
<msg time="2026-04-11T16:02:30.435094" level="INFO">Types the text 'Hello, Robot Framework!
How are you today?' in the given field.</msg>
<arg>[name="my-textarea"]</arg>
<arg>${Message}</arg>
<tag>PageContent</tag>
<tag>Setter</tag>
<doc>Types the given ``txt`` into the text field found by ``selector``.</doc>
<status status="PASS" start="2026-04-11T16:02:30.431911" elapsed="0.251526"/>
</kw>
<kw name="Select Options By" owner="Browser">
<msg time="2026-04-11T16:02:30.683437" level="INFO">Selects the option(s) 2 by attribute SelectAttribute.value from element [name="my-select"].</msg>
<arg>[name="my-select"]</arg>
<arg>value</arg>
<arg>2</arg>
<tag>PageContent</tag>
<tag>Setter</tag>
<doc>Selects options from select element found by ``selector``.</doc>
<status status="PASS" start="2026-04-11T16:02:30.683437" elapsed="0.055150"/>
</kw>
<kw name="Type Text" owner="Browser">
<msg time="2026-04-11T16:02:30.738587" level="INFO">Types the text 'New York' in the given field.</msg>
<arg>[name="my-datalist"]</arg>
<arg>New York</arg>
<tag>PageContent</tag>
<tag>Setter</tag>
<doc>Types the given ``txt`` into the text field found by ``selector``.</doc>
<status status="PASS" start="2026-04-11T16:02:30.738587" elapsed="0.115969"/>
</kw>
<kw name="Set Input Files">
<msg time="2026-04-11T16:02:30.858216" level="FAIL">No keyword with name 'Set Input Files' found.</msg>
<arg>[name="my-file"]</arg>
<arg>${FILE}</arg>
<status status="FAIL" start="2026-04-11T16:02:30.858216" elapsed="0.000000">No keyword with name 'Set Input Files' found.</status>
</kw>
<kw name="Check Checkbox" owner="Browser">
<arg>[id="my-check-1"]</arg>
<tag>PageContent</tag>
<tag>Setter</tag>
<doc>Checks the checkbox or selects radio button found by ``selector``.</doc>
<status status="NOT RUN" start="2026-04-11T16:02:30.858216" elapsed="0.000000"/>
</kw>
<kw name="Uncheck Checkbox" owner="Browser">
<arg>[id="my-check-2"]</arg>
<tag>PageContent</tag>
<tag>Setter</tag>
<doc>Unchecks the checkbox found by ``selector``.</doc>
<status status="NOT RUN" start="2026-04-11T16:02:30.858216" elapsed="0.000000"/>
</kw>
<kw name="Click" owner="Browser">
<arg>[id="my-radio-2"]</arg>
<tag>PageContent</tag>
<tag>Setter</tag>
<doc>Simulates mouse click on the element found by ``selector``.</doc>
<status status="NOT RUN" start="2026-04-11T16:02:30.858216" elapsed="0.000000"/>
</kw>
<kw name="Fill Text" owner="Browser">
<arg>[name="my-colors"]</arg>
<tag>PageContent</tag>
<tag>Setter</tag>
<doc>Clears and fills the given ``txt`` into the text field found by ``selector``.</doc>
<status status="NOT RUN" start="2026-04-11T16:02:30.858216" elapsed="0.000000"/>
</kw>
<kw name="Fill Text" owner="Browser">
<arg>[name="my-date"]</arg>
<arg>2026-03-25</arg>
<tag>PageContent</tag>
<tag>Setter</tag>
<doc>Clears and fills the given ``txt`` into the text field found by ``selector``.</doc>
<status status="NOT RUN" start="2026-04-11T16:02:30.858216" elapsed="0.000000"/>
</kw>
<kw name="Fill Text" owner="Browser">
<arg>[name="my-range"]</arg>
<arg>5</arg>
<tag>PageContent</tag>
<tag>Setter</tag>
<doc>Clears and fills the given ``txt`` into the text field found by ``selector``.</doc>
<status status="NOT RUN" start="2026-04-11T16:02:30.858216" elapsed="0.000000"/>
</kw>
<kw name="Click" owner="Browser">
<arg>button</arg>
<tag>PageContent</tag>
<tag>Setter</tag>
<doc>Simulates mouse click on the element found by ``selector``.</doc>
<status status="NOT RUN" start="2026-04-11T16:02:30.858216" elapsed="0.000000"/>
</kw>
<kw name="Get Text" owner="Browser">
<arg>id=message</arg>
<arg>==</arg>
<arg>Received!</arg>
<tag>Assertion</tag>
<tag>Getter</tag>
<tag>PageContent</tag>
<doc>Returns text attribute of the element found by ``selector``.</doc>
<status status="NOT RUN" start="2026-04-11T16:02:30.866048" elapsed="0.000000"/>
</kw>
<status status="FAIL" start="2026-04-11T16:02:27.813185" elapsed="3.052863">No keyword with name 'Set Input Files' found.</status>
</test>
<status status="FAIL" start="2026-04-11T16:02:27.461289" elapsed="3.411382"/>
</suite>
<suite id="s1-s2" name="Entry-Add" source="C:\Metropolia\front-end\hyte-projekti\tests\entry-add.robot">
<kw name="Avaa selain ja kirjaudu sisään" type="SETUP">
<kw name="Open Browser" owner="SeleniumLibrary">
<msg time="2026-04-11T16:02:31.523071" level="INFO">Opening browser 'Firefox' to base url 'http://localhost:5173/login.html'.</msg>
<arg>${LOGIN_URL}</arg>
<arg>${BROWSER}</arg>
<doc>Opens a new browser instance to the optional ``url``.</doc>
<status status="PASS" start="2026-04-11T16:02:31.523071" elapsed="10.238230"/>
</kw>
<kw name="Maximize Browser Window" owner="SeleniumLibrary">
<doc>Maximizes current browser window.</doc>
<status status="PASS" start="2026-04-11T16:02:41.761301" elapsed="0.336539"/>
</kw>
<kw name="Kirjaudu sisään">
<kw name="Wait Until Element Is Visible" owner="SeleniumLibrary">
<arg>${LOGIN_USERNAME}</arg>
<arg>timeout=10s</arg>
<doc>Waits until the element ``locator`` is visible.</doc>
<status status="PASS" start="2026-04-11T16:02:42.097840" elapsed="0.314371"/>
</kw>
<kw name="Input Text" owner="SeleniumLibrary">
<msg time="2026-04-11T16:02:42.412211" level="INFO">Typing text 'username' into text field 'css:.loginForm input[name=username]'.</msg>
<arg>${LOGIN_USERNAME}</arg>
<arg>${USERNAME}</arg>
<doc>Types the given ``text`` into the text field identified by ``locator``.</doc>
<status status="PASS" start="2026-04-11T16:02:42.412211" elapsed="0.127259"/>
</kw>
<kw name="Input Text" owner="SeleniumLibrary">
<msg time="2026-04-11T16:02:42.541482" level="INFO">Typing text 'password' into text field 'css:.loginForm input[name=password]'.</msg>
<arg>${LOGIN_PASSWORD}</arg>
<arg>${PASSWORD}</arg>
<doc>Types the given ``text`` into the text field identified by ``locator``.</doc>
<status status="PASS" start="2026-04-11T16:02:42.539470" elapsed="0.078817"/>
</kw>
<kw name="Click Element" owner="SeleniumLibrary">
<msg time="2026-04-11T16:02:42.618287" level="INFO">Clicking element 'css:.loginForm input[type=submit]'.</msg>
<arg>${LOGIN_BTN}</arg>
<doc>Click the element identified by ``locator``.</doc>
<status status="PASS" start="2026-04-11T16:02:42.618287" elapsed="0.115987"/>
</kw>
<kw name="Wait Until Element Contains" owner="SeleniumLibrary">
<msg time="2026-04-11T16:02:52.918420" level="INFO" html="true">&lt;/td&gt;&lt;/tr&gt;&lt;tr&gt;&lt;td colspan="3"&gt;&lt;a href="selenium-screenshot-6.png"&gt;&lt;img src="selenium-screenshot-6.png" width="800px"&gt;&lt;/a&gt;</msg>
<msg time="2026-04-11T16:02:52.918420" level="FAIL">Element 'id:loginResponse' did not get text 'Login successful' in 10 seconds.</msg>
<arg>${LOGIN_RESPONSE}</arg>
<arg>Login successful</arg>
<arg>timeout=10s</arg>
<doc>Waits until the element ``locator`` contains ``text``.</doc>
<status status="FAIL" start="2026-04-11T16:02:42.734274" elapsed="10.222508">Element 'id:loginResponse' did not get text 'Login successful' in 10 seconds.</status>
</kw>
<kw name="Go To" owner="SeleniumLibrary">
<arg>${DIARY_URL}</arg>
<doc>Navigates the current browser window to the provided ``url``.</doc>
<status status="NOT RUN" start="2026-04-11T16:02:52.956782" elapsed="0.000000"/>
</kw>
<kw name="Wait Until Page Contains Element" owner="SeleniumLibrary">
<arg>${ADD_ENTRIES_BTN}</arg>
<arg>timeout=10s</arg>
<doc>Waits until the element ``locator`` appears on the current page.</doc>
<status status="NOT RUN" start="2026-04-11T16:02:52.958118" elapsed="0.000000"/>
</kw>
<status status="FAIL" start="2026-04-11T16:02:42.097840" elapsed="10.860278">Element 'id:loginResponse' did not get text 'Login successful' in 10 seconds.</status>
</kw>
<status status="FAIL" start="2026-04-11T16:02:31.523071" elapsed="21.435047">Element 'id:loginResponse' did not get text 'Login successful' in 10 seconds.</status>
</kw>
<test id="s1-s2-t1" name="TC-01 Dialogi avautuu Add a new diary entry -napista" line="37">
<doc>Klikataan "Add a new diary entry" -nappia ja
varmistetaan, että dialogi aukeaa.</doc>
<tag>smoke</tag>
<status status="FAIL" start="2026-04-11T16:02:52.958118" elapsed="0.001697">Parent suite setup failed:
Element 'id:loginResponse' did not get text 'Login successful' in 10 seconds.</status>
</test>
<test id="s1-s2-t2" name="TC-02 Onnistunut merkinnän lisääminen kaikilla kentillä" line="48">
<doc>Täytetään kaikki lomakekentät ja klikataan Add.
Sovellus näyttää onnistumis-alertin joka hyväksytään,
minkä jälkeen dialogi sulkeutuu.</doc>
<tag>happy_path</tag>
<tag>smoke</tag>
<status status="FAIL" start="2026-04-11T16:02:52.961321" elapsed="0.000592">Parent suite setup failed:
Element 'id:loginResponse' did not get text 'Login successful' in 10 seconds.</status>
</test>
<test id="s1-s2-t3" name="TC-03 Dialogi suljetaan Close-napilla ilman tallennusta" line="75">
<tag>happy_path</tag>
<status status="FAIL" start="2026-04-11T16:02:52.961913" elapsed="0.002118">Parent suite setup failed:
Element 'id:loginResponse' did not get text 'Login successful' in 10 seconds.</status>
</test>
<test id="s1-s2-t4" name="TC-04 Kaikki lomakekentät löytyvät dialogista" line="85">
<tag>ui</tag>
<status status="FAIL" start="2026-04-11T16:02:52.964031" elapsed="0.000000">Parent suite setup failed:
Element 'id:loginResponse' did not get text 'Login successful' in 10 seconds.</status>
</test>
<test id="s1-s2-t5" name="TC-05 Kenttiin voi kirjoittaa tietoja" line="99">
<tag>ui</tag>
<status status="FAIL" start="2026-04-11T16:02:52.970308" elapsed="0.000000">Parent suite setup failed:
Element 'id:loginResponse' did not get text 'Login successful' in 10 seconds.</status>
</test>
<kw name="Close All Browsers" owner="SeleniumLibrary" type="TEARDOWN">
<doc>Closes all open browsers and resets the browser cache.</doc>
<status status="PASS" start="2026-04-11T16:02:52.980038" elapsed="3.849601"/>
</kw>
<doc>Terveyspäiväkirja – Uuden päiväkirjamerkinnän lisääminen</doc>
<status status="FAIL" start="2026-04-11T16:02:30.876419" elapsed="25.955233">Suite setup failed:
Element 'id:loginResponse' did not get text 'Login successful' in 10 seconds.</status>
</suite>
<suite id="s1-s3" name="Health-Diary" source="C:\Metropolia\front-end\hyte-projekti\tests\health-diary.robot">
<test id="s1-s3-t1" name="Test Own App Login Headless" line="9">
<kw name="Set Suite Variable" owner="BuiltIn">
<msg time="2026-04-11T16:02:56.856143" level="INFO">${Password} = salasana-tähän</msg>
<arg>$Password</arg>
<arg>salasana-tähän</arg>
<doc>Makes a variable available everywhere within the scope of the current suite.</doc>
<status status="PASS" start="2026-04-11T16:02:56.854127" elapsed="0.002016"/>
</kw>
<kw name="New Browser" owner="Browser">
<msg time="2026-04-11T16:02:56.859764" level="INFO">{"browser": "firefox", "headless": false, "chromiumSandbox": false, "devtools": false, "handleSIGHUP": true, "handleSIGINT": true, "handleSIGTERM": true, "slowMo": 0.0, "timeout": 30000.0, "tracesDir": "C:\\Metropolia\\front-end\\hyte-projekti\\outputs\\browser\\traces\\temp\\295b5d6a-97e5-45cb-b8b4-adeabee43cd0"}</msg>
<msg time="2026-04-11T16:02:57.684763" level="INFO">Successfully created browser with options: {"browser":"firefox","headless":false,"chromiumSandbox":false,"devtools":false,"handleSIGHUP":true,"handleSIGINT":true,"handleSIGTERM":true,"slowMo":0,"timeout":30000,"tracesDir":"C:\\Metropolia\\front-end\\hyte-projekti\\outputs\\browser\\traces\\temp\\295b5d6a-97e5-45cb-b8b4-adeabee43cd0"}</msg>
<arg>firefox</arg>
<arg>headless=No</arg>
<tag>BrowserControl</tag>
<tag>Setter</tag>
<doc>Create a new playwright Browser with specified options.</doc>
<status status="PASS" start="2026-04-11T16:02:56.857064" elapsed="0.827699"/>
</kw>
<kw name="New Page" owner="Browser">
<msg time="2026-04-11T16:03:02.363594" level="INFO">Successfully initialized new page object and opened url: https://users.metropolia.fi/~markkaur/web_hyte/Final%20version/dist/</msg>
<msg time="2026-04-11T16:03:02.363594" level="INFO">No context was open. New context was automatically opened when this page is created.</msg>
<arg>${URL}</arg>
<tag>BrowserControl</tag>
<tag>Setter</tag>
<doc>Open a new Page.</doc>
<status status="PASS" start="2026-04-11T16:02:57.686332" elapsed="4.679276"/>
</kw>
<kw name="Type Text" owner="Browser">
<msg time="2026-04-11T16:03:02.367787" level="INFO">Types the text 'markus3' in the given field.</msg>
<arg>form.loginForm &gt;&gt; [name="username"]</arg>
<arg>${Username}</arg>
<arg>delay=0.1 s</arg>
<tag>PageContent</tag>
<tag>Setter</tag>
<doc>Types the given ``txt`` into the text field found by ``selector``.</doc>
<status status="PASS" start="2026-04-11T16:03:02.365608" elapsed="1.033667"/>
</kw>
<kw name="Type Secret" owner="Browser">
<arg>form.loginForm &gt;&gt; [name="password"]</arg>
<arg>$Password</arg>
<arg>delay=0.1 s</arg>
<tag>PageContent</tag>
<tag>Setter</tag>
<doc>Types the given secret from ``variable_name`` into the text field
found by ``selector``.</doc>
<status status="PASS" start="2026-04-11T16:03:03.399275" elapsed="1.613303"/>
</kw>
<kw name="Click With Options" owner="Browser">
<msg time="2026-04-11T16:03:05.017319" level="INFO">Clicks the element 'form.loginForm &gt;&gt; input.loginform[type="submit"]'.</msg>
<arg>form.loginForm &gt;&gt; input.loginform[type="submit"]</arg>
<arg>delay=1 s</arg>
<tag>PageContent</tag>
<tag>Setter</tag>
<doc>Simulates mouse click on the element found by ``selector``.</doc>
<status status="PASS" start="2026-04-11T16:03:05.015298" elapsed="1.145227"/>
</kw>
<kw name="Wait For Elements State" owner="Browser">
<msg time="2026-04-11T16:03:06.193148" level="INFO">Waited for Element with selector div#loginResponse at state attached</msg>
<arg>div#loginResponse</arg>
<arg>attached</arg>
<arg>timeout=10 s</arg>
<tag>PageContent</tag>
<tag>Wait</tag>
<doc>Waits for the element found by ``selector`` to satisfy state option.</doc>
<status status="PASS" start="2026-04-11T16:03:06.164553" elapsed="0.028595"/>
</kw>
<kw name="Sleep" owner="BuiltIn">
<msg time="2026-04-11T16:03:07.210650" level="INFO">Slept 1 second.</msg>
<arg>1 s</arg>
<doc>Pauses the test executed for the given time.</doc>
<status status="PASS" start="2026-04-11T16:03:06.195166" elapsed="1.016065"/>
</kw>
<kw name="Get Text" owner="Browser">
<msg time="2026-04-11T16:03:07.292217" level="INFO">Text: ''</msg>
<msg time="2026-04-11T16:03:07.292217" level="INFO">${message} = </msg>
<var>${message}</var>
<arg>div#loginResponse</arg>
<tag>Assertion</tag>
<tag>Getter</tag>
<tag>PageContent</tag>
<doc>Returns text attribute of the element found by ``selector``.</doc>
<status status="PASS" start="2026-04-11T16:03:07.213895" elapsed="0.078322"/>
</kw>
<kw name="Should Contain" owner="BuiltIn">
<msg time="2026-04-11T16:03:07.292217" level="FAIL">'' does not contain 'Login successful'</msg>
<arg>${message}</arg>
<arg>Login successful</arg>
<doc>Fails if ``container`` does not contain ``item`` one or more times.</doc>
<status status="FAIL" start="2026-04-11T16:03:07.292217" elapsed="0.000000">'' does not contain 'Login successful'</status>
</kw>
<kw name="Should Contain" owner="BuiltIn">
<arg>${message}</arg>
<arg>${Username}</arg>
<doc>Fails if ``container`` does not contain ``item`` one or more times.</doc>
<status status="NOT RUN" start="2026-04-11T16:03:07.292217" elapsed="0.000000"/>
</kw>
<status status="FAIL" start="2026-04-11T16:02:56.849598" elapsed="10.442619">'' does not contain 'Login successful'</status>
</test>
<status status="FAIL" start="2026-04-11T16:02:56.845568" elapsed="10.446649"/>
</suite>
<suite id="s1-s4" name="Login Test" source="C:\Metropolia\front-end\hyte-projekti\tests\login_test.robot">
<test id="s1-s4-t1" name="Test Own App Login Headless" line="6">
<kw name="New Browser" owner="Browser">
<msg time="2026-04-11T16:03:07.345444" level="INFO">Switching browser to browser=1900c7b0-11a4-4d79-9fe4-e18bd081b148</msg>
<msg time="2026-04-11T16:03:07.355919" level="INFO">Successfully changed active browser: browser=1900c7b0-11a4-4d79-9fe4-e18bd081b148</msg>
<msg time="2026-04-11T16:03:07.355919" level="INFO">Reusing existing browser with id: browser=1900c7b0-11a4-4d79-9fe4-e18bd081b148</msg>
<arg>firefox</arg>
<arg>headless=False</arg>
<tag>BrowserControl</tag>
<tag>Setter</tag>
<doc>Create a new playwright Browser with specified options.</doc>
<status status="PASS" start="2026-04-11T16:03:07.345444" elapsed="0.010475"/>
</kw>
<kw name="New Page" owner="Browser">
<msg time="2026-04-11T16:03:09.911471" level="INFO">Successfully initialized new page object and opened url: http://localhost:5173/</msg>
<arg>${BASE_URL}</arg>
<tag>BrowserControl</tag>
<tag>Setter</tag>
<doc>Open a new Page.</doc>
<status status="PASS" start="2026-04-11T16:03:07.358011" elapsed="2.553460"/>
</kw>
<kw name="Type Text" owner="Browser">
<msg time="2026-04-11T16:03:09.915492" level="INFO">Types the text 'marku' in the given field.</msg>
<arg>form.loginForm &gt;&gt; [name="username"]</arg>
<arg>${USERNAME}</arg>
<arg>delay=0.2 s</arg>
<tag>PageContent</tag>
<tag>Setter</tag>
<doc>Types the given ``txt`` into the text field found by ``selector``.</doc>
<status status="PASS" start="2026-04-11T16:03:09.913482" elapsed="1.206633"/>
</kw>
<kw name="Type Secret" owner="Browser">
<arg>form.loginForm &gt;&gt; [name="password"]</arg>
<arg>$PASSWORD</arg>
<arg>delay=0.2 s</arg>
<tag>PageContent</tag>
<tag>Setter</tag>
<doc>Types the given secret from ``variable_name`` into the text field
found by ``selector``.</doc>
<status status="PASS" start="2026-04-11T16:03:11.120115" elapsed="1.780545"/>
</kw>
<kw name="Click With Options" owner="Browser">
<msg time="2026-04-11T16:03:12.904233" level="INFO">Clicks the element 'form.loginForm &gt;&gt; input.loginform[type="submit"]'.</msg>
<arg>form.loginForm &gt;&gt; input.loginform[type="submit"]</arg>
<arg>delay=1 s</arg>
<tag>PageContent</tag>
<tag>Setter</tag>
<doc>Simulates mouse click on the element found by ``selector``.</doc>
<status status="PASS" start="2026-04-11T16:03:12.902719" elapsed="1.193448"/>
</kw>
<kw name="Wait For Elements State" owner="Browser">
<msg time="2026-04-11T16:03:14.115117" level="INFO">Waited for Element with selector div#loginResponse at state visible</msg>
<arg>div#loginResponse</arg>
<arg>visible</arg>
<arg>timeout=15 s</arg>
<tag>PageContent</tag>
<tag>Wait</tag>
<doc>Waits for the element found by ``selector`` to satisfy state option.</doc>
<status status="PASS" start="2026-04-11T16:03:14.096167" elapsed="0.018950"/>
</kw>
<kw name="Sleep" owner="BuiltIn">
<msg time="2026-04-11T16:03:15.145722" level="INFO">Slept 1 second.</msg>
<arg>1 s</arg>
<doc>Pauses the test executed for the given time.</doc>
<status status="PASS" start="2026-04-11T16:03:14.132596" elapsed="1.013126"/>
</kw>
<kw name="Get Text" owner="Browser">
<msg time="2026-04-11T16:03:15.231639" level="INFO">Text: ''</msg>
<msg time="2026-04-11T16:03:15.231639" level="INFO">${message} = </msg>
<var>${message}</var>
<arg>div#loginResponse</arg>
<tag>Assertion</tag>
<tag>Getter</tag>
<tag>PageContent</tag>
<doc>Returns text attribute of the element found by ``selector``.</doc>
<status status="PASS" start="2026-04-11T16:03:15.148208" elapsed="0.083431"/>
</kw>
<kw name="Log" owner="BuiltIn">
<msg time="2026-04-11T16:03:15.235161" level="INFO">Login response: </msg>
<arg>Login response: ${message}</arg>
<doc>Logs the given message with the given level.</doc>
<status status="PASS" start="2026-04-11T16:03:15.231639" elapsed="0.003522"/>
</kw>
<kw name="Should Contain" owner="BuiltIn">
<msg time="2026-04-11T16:03:15.236991" level="FAIL">'' does not contain 'Login successful'</msg>
<arg>${message}</arg>
<arg>Login successful</arg>
<doc>Fails if ``container`` does not contain ``item`` one or more times.</doc>
<status status="FAIL" start="2026-04-11T16:03:15.235161" elapsed="0.001830">'' does not contain 'Login successful'</status>
</kw>
<kw name="Should Contain" owner="BuiltIn">
<arg>${message}</arg>
<arg>${USERNAME}</arg>
<doc>Fails if ``container`` does not contain ``item`` one or more times.</doc>
<status status="NOT RUN" start="2026-04-11T16:03:15.236991" elapsed="0.000000"/>
</kw>
<doc>Testaa kirjautuminen omalle sovellukselle käyttäen .env</doc>
<status status="FAIL" start="2026-04-11T16:03:07.341067" elapsed="7.899072">'' does not contain 'Login successful'</status>
</test>
<status status="FAIL" start="2026-04-11T16:03:07.306442" elapsed="7.941771"/>
</suite>
<status status="FAIL" start="2026-04-11T16:02:27.301372" elapsed="47.960676"/>
</suite>
<statistics>
<total>
<stat pass="0" fail="8" skip="0">All Tests</stat>
</total>
<tag>
<stat pass="0" fail="2" skip="0">happy_path</stat>
<stat pass="0" fail="2" skip="0">smoke</stat>
<stat pass="0" fail="2" skip="0">ui</stat>
</tag>
<suite>
<stat name="Tests" id="s1" pass="0" fail="8" skip="0">Tests</stat>
<stat name="Browser Demo" id="s1-s1" pass="0" fail="1" skip="0">Tests.Browser Demo</stat>
<stat name="Entry-Add" id="s1-s2" pass="0" fail="5" skip="0">Tests.Entry-Add</stat>
<stat name="Health-Diary" id="s1-s3" pass="0" fail="1" skip="0">Tests.Health-Diary</stat>
<stat name="Login Test" id="s1-s4" pass="0" fail="1" skip="0">Tests.Login Test</stat>
</suite>
</statistics>
<errors>
</errors>
</robot>
